{"/Users/taejongyoo/git/ttt-infinite/src/util.ts": {"path":"/Users/taejongyoo/git/ttt-infinite/src/util.ts","all":false,"statementMap":{"0":{"start":{"line":1,"column":0},"end":{"line":1,"column":24}},"1":{"start":{"line":2,"column":0},"end":{"line":2,"column":55}},"2":{"start":{"line":3,"column":0},"end":{"line":3,"column":35}},"3":{"start":{"line":4,"column":0},"end":{"line":4,"column":59}},"4":{"start":{"line":5,"column":0},"end":{"line":5,"column":39}},"5":{"start":{"line":6,"column":0},"end":{"line":6,"column":0}},"6":{"start":{"line":7,"column":0},"end":{"line":7,"column":124}},"7":{"start":{"line":8,"column":0},"end":{"line":8,"column":0}},"8":{"start":{"line":9,"column":0},"end":{"line":9,"column":90}},"9":{"start":{"line":10,"column":0},"end":{"line":10,"column":58}},"10":{"start":{"line":11,"column":0},"end":{"line":11,"column":63}},"11":{"start":{"line":12,"column":0},"end":{"line":12,"column":69}},"12":{"start":{"line":13,"column":0},"end":{"line":13,"column":0}},"13":{"start":{"line":14,"column":0},"end":{"line":14,"column":76}},"14":{"start":{"line":15,"column":0},"end":{"line":15,"column":51}},"15":{"start":{"line":16,"column":0},"end":{"line":16,"column":1}},"16":{"start":{"line":17,"column":0},"end":{"line":17,"column":0}},"17":{"start":{"line":18,"column":0},"end":{"line":18,"column":122}},"18":{"start":{"line":19,"column":0},"end":{"line":19,"column":32}},"19":{"start":{"line":20,"column":0},"end":{"line":20,"column":56}},"20":{"start":{"line":21,"column":0},"end":{"line":21,"column":7}},"21":{"start":{"line":22,"column":0},"end":{"line":22,"column":24}},"22":{"start":{"line":23,"column":0},"end":{"line":23,"column":25}},"23":{"start":{"line":24,"column":0},"end":{"line":24,"column":23}},"24":{"start":{"line":25,"column":0},"end":{"line":25,"column":7}},"25":{"start":{"line":26,"column":0},"end":{"line":26,"column":21}},"26":{"start":{"line":27,"column":0},"end":{"line":27,"column":21}},"27":{"start":{"line":28,"column":0},"end":{"line":28,"column":21}},"28":{"start":{"line":29,"column":0},"end":{"line":29,"column":29}},"29":{"start":{"line":30,"column":0},"end":{"line":30,"column":6}},"30":{"start":{"line":31,"column":0},"end":{"line":31,"column":0}},"31":{"start":{"line":32,"column":0},"end":{"line":32,"column":16}},"32":{"start":{"line":33,"column":0},"end":{"line":33,"column":49}},"33":{"start":{"line":34,"column":0},"end":{"line":34,"column":0}},"34":{"start":{"line":35,"column":0},"end":{"line":35,"column":61}},"35":{"start":{"line":36,"column":0},"end":{"line":36,"column":35}},"36":{"start":{"line":37,"column":0},"end":{"line":37,"column":41}},"37":{"start":{"line":38,"column":0},"end":{"line":38,"column":16}},"38":{"start":{"line":39,"column":0},"end":{"line":39,"column":14}},"39":{"start":{"line":40,"column":0},"end":{"line":40,"column":51}},"40":{"start":{"line":41,"column":0},"end":{"line":41,"column":14}},"41":{"start":{"line":42,"column":0},"end":{"line":42,"column":75}},"42":{"start":{"line":43,"column":0},"end":{"line":43,"column":7}},"43":{"start":{"line":44,"column":0},"end":{"line":44,"column":12}},"44":{"start":{"line":45,"column":0},"end":{"line":45,"column":30}},"45":{"start":{"line":46,"column":0},"end":{"line":46,"column":40}},"46":{"start":{"line":47,"column":0},"end":{"line":47,"column":66}},"47":{"start":{"line":48,"column":0},"end":{"line":48,"column":20}},"48":{"start":{"line":49,"column":0},"end":{"line":49,"column":42}},"49":{"start":{"line":50,"column":0},"end":{"line":50,"column":43}},"50":{"start":{"line":51,"column":0},"end":{"line":51,"column":41}},"51":{"start":{"line":52,"column":0},"end":{"line":52,"column":41}},"52":{"start":{"line":53,"column":0},"end":{"line":53,"column":7}},"53":{"start":{"line":54,"column":0},"end":{"line":54,"column":77}},"54":{"start":{"line":55,"column":0},"end":{"line":55,"column":36}},"55":{"start":{"line":56,"column":0},"end":{"line":56,"column":24}},"56":{"start":{"line":57,"column":0},"end":{"line":57,"column":14}},"57":{"start":{"line":58,"column":0},"end":{"line":58,"column":97}},"58":{"start":{"line":59,"column":0},"end":{"line":59,"column":7}},"59":{"start":{"line":60,"column":0},"end":{"line":60,"column":5}},"60":{"start":{"line":61,"column":0},"end":{"line":61,"column":3}},"61":{"start":{"line":62,"column":0},"end":{"line":62,"column":0}},"62":{"start":{"line":63,"column":0},"end":{"line":63,"column":37}},"63":{"start":{"line":64,"column":0},"end":{"line":64,"column":55}},"64":{"start":{"line":65,"column":0},"end":{"line":65,"column":3}},"65":{"start":{"line":66,"column":0},"end":{"line":66,"column":25}},"66":{"start":{"line":67,"column":0},"end":{"line":67,"column":1}},"67":{"start":{"line":68,"column":0},"end":{"line":68,"column":0}},"68":{"start":{"line":69,"column":0},"end":{"line":69,"column":154}},"69":{"start":{"line":70,"column":0},"end":{"line":70,"column":0}},"70":{"start":{"line":71,"column":0},"end":{"line":71,"column":18}}},"s":{"0":1,"1":1,"2":1,"3":1,"4":1,"5":1,"6":1,"7":1,"8":1,"9":1,"10":1,"11":1,"12":1,"13":1,"14":7,"15":7,"16":1,"17":1,"18":3,"19":3,"20":2,"21":2,"22":2,"23":2,"24":2,"25":1,"26":1,"27":1,"28":1,"29":1,"30":3,"31":3,"32":3,"33":3,"34":3,"35":8,"36":8,"37":8,"38":4,"39":3,"40":4,"41":1,"42":1,"43":4,"44":4,"45":4,"46":4,"47":4,"48":1,"49":1,"50":1,"51":1,"52":1,"53":4,"54":4,"55":3,"56":4,"57":1,"58":1,"59":4,"60":8,"61":3,"62":3,"63":8,"64":8,"65":3,"66":4,"67":1,"68":1,"69":1,"70":1},"branchMap":{"0":{"type":"branch","line":7,"loc":{"start":{"line":7,"column":123},"end":{"line":7,"column":124}},"locations":[{"start":{"line":7,"column":123},"end":{"line":7,"column":124}}]},"1":{"type":"branch","line":7,"loc":{"start":{"line":7,"column":123},"end":{"line":7,"column":124}},"locations":[{"start":{"line":7,"column":123},"end":{"line":7,"column":124}}]},"2":{"type":"branch","line":14,"loc":{"start":{"line":14,"column":24},"end":{"line":16,"column":1}},"locations":[{"start":{"line":14,"column":24},"end":{"line":16,"column":1}}]},"3":{"type":"branch","line":15,"loc":{"start":{"line":15,"column":16},"end":{"line":15,"column":42}},"locations":[{"start":{"line":15,"column":16},"end":{"line":15,"column":42}}]},"4":{"type":"branch","line":15,"loc":{"start":{"line":15,"column":34},"end":{"line":15,"column":51}},"locations":[{"start":{"line":15,"column":34},"end":{"line":15,"column":51}}]},"5":{"type":"branch","line":18,"loc":{"start":{"line":18,"column":30},"end":{"line":67,"column":1}},"locations":[{"start":{"line":18,"column":30},"end":{"line":67,"column":1}}]},"6":{"type":"branch","line":20,"loc":{"start":{"line":20,"column":52},"end":{"line":25,"column":7}},"locations":[{"start":{"line":20,"column":52},"end":{"line":25,"column":7}}]},"7":{"type":"branch","line":25,"loc":{"start":{"line":25,"column":6},"end":{"line":30,"column":6}},"locations":[{"start":{"line":25,"column":6},"end":{"line":30,"column":6}}]},"8":{"type":"branch","line":35,"loc":{"start":{"line":35,"column":17},"end":{"line":61,"column":3}},"locations":[{"start":{"line":35,"column":17},"end":{"line":61,"column":3}}]},"9":{"type":"branch","line":38,"loc":{"start":{"line":38,"column":15},"end":{"line":60,"column":5}},"locations":[{"start":{"line":38,"column":15},"end":{"line":60,"column":5}}]},"10":{"type":"branch","line":39,"loc":{"start":{"line":39,"column":13},"end":{"line":41,"column":13}},"locations":[{"start":{"line":39,"column":13},"end":{"line":41,"column":13}}]},"11":{"type":"branch","line":41,"loc":{"start":{"line":41,"column":6},"end":{"line":43,"column":7}},"locations":[{"start":{"line":41,"column":6},"end":{"line":43,"column":7}}]},"12":{"type":"branch","line":48,"loc":{"start":{"line":48,"column":19},"end":{"line":53,"column":7}},"locations":[{"start":{"line":48,"column":19},"end":{"line":53,"column":7}}]},"13":{"type":"branch","line":55,"loc":{"start":{"line":55,"column":35},"end":{"line":57,"column":13}},"locations":[{"start":{"line":55,"column":35},"end":{"line":57,"column":13}}]},"14":{"type":"branch","line":57,"loc":{"start":{"line":57,"column":6},"end":{"line":59,"column":7}},"locations":[{"start":{"line":57,"column":6},"end":{"line":59,"column":7}}]},"15":{"type":"branch","line":63,"loc":{"start":{"line":63,"column":17},"end":{"line":65,"column":3}},"locations":[{"start":{"line":63,"column":17},"end":{"line":65,"column":3}}]},"16":{"type":"branch","line":64,"loc":{"start":{"line":64,"column":11},"end":{"line":64,"column":55}},"locations":[{"start":{"line":64,"column":11},"end":{"line":64,"column":55}}]},"17":{"type":"branch","line":67,"loc":{"start":{"line":67,"column":0},"end":{"line":67,"column":1}},"locations":[{"start":{"line":67,"column":0},"end":{"line":67,"column":1}}]}},"b":{"0":[32],"1":[28],"2":[7],"3":[4],"4":[3],"5":[3],"6":[2],"7":[1],"8":[8],"9":[4],"10":[3],"11":[1],"12":[1],"13":[3],"14":[1],"15":[8],"16":[1],"17":[4]},"fnMap":{"0":{"name":"typeName","decl":{"start":{"line":7,"column":123},"end":{"line":7,"column":124}},"loc":{"start":{"line":7,"column":123},"end":{"line":7,"column":124}},"line":7},"1":{"name":"get","decl":{"start":{"line":7,"column":123},"end":{"line":7,"column":124}},"loc":{"start":{"line":7,"column":123},"end":{"line":7,"column":124}},"line":7},"2":{"name":"getDefaultValue","decl":{"start":{"line":14,"column":24},"end":{"line":16,"column":1}},"loc":{"start":{"line":14,"column":24},"end":{"line":16,"column":1}},"line":14},"3":{"name":"createVariable","decl":{"start":{"line":18,"column":30},"end":{"line":67,"column":1}},"loc":{"start":{"line":18,"column":30},"end":{"line":67,"column":1}},"line":18},"4":{"name":"setter","decl":{"start":{"line":35,"column":17},"end":{"line":61,"column":3}},"loc":{"start":{"line":35,"column":17},"end":{"line":61,"column":3}},"line":35},"5":{"name":"getter","decl":{"start":{"line":63,"column":17},"end":{"line":65,"column":3}},"loc":{"start":{"line":63,"column":17},"end":{"line":65,"column":3}},"line":63},"6":{"name":"get","decl":{"start":{"line":67,"column":0},"end":{"line":67,"column":1}},"loc":{"start":{"line":67,"column":0},"end":{"line":67,"column":1}},"line":67},"7":{"name":"q","decl":{"start":{"line":69,"column":17},"end":{"line":69,"column":154}},"loc":{"start":{"line":69,"column":17},"end":{"line":69,"column":154}},"line":69},"8":{"name":"get","decl":{"start":{"line":69,"column":153},"end":{"line":69,"column":154}},"loc":{"start":{"line":69,"column":153},"end":{"line":69,"column":154}},"line":69}},"f":{"0":32,"1":28,"2":7,"3":3,"4":8,"5":8,"6":4,"7":0,"8":0}}
}
